<?xml version="1.0" encoding="UTF-8"?>
<!-- Generated by org.testng.reporters.JUnitReportReporter -->
<testsuite hostname="DESKTOP-5FOVL37" failures="0" tests="2" name="utilies.Dataprotectar" time="94.847" errors="0" timestamp="2024-03-08T15:38:20 IST" skipped="0">
  <testcase classname="utilies.Dataprotectar" name="login" time="41.446"/>
  <testcase classname="utilies.Dataprotectar" name="login" time="53.401"/>
</testsuite> <!-- utilies.Dataprotectar -->
