<?xml version="1.0" encoding="UTF-8"?>
<!-- Generated by org.testng.reporters.JUnitReportReporter -->
<testsuite hostname="DESKTOP-5FOVL37" failures="0" tests="2" name="testng.Groups" time="0.018" errors="0" timestamp="2024-02-15T21:53:50 IST" skipped="0">
  <testcase classname="testng.Groups" name="Enteremail" time="0.016"/>
  <testcase classname="testng.Groups" name="Enterpassword" time="0.002"/>
</testsuite> <!-- testng.Groups -->
