<?xml version="1.0" encoding="UTF-8"?>
<!-- Generated by org.testng.reporters.JUnitReportReporter -->
<testsuite hostname="DESKTOP-5FOVL37" failures="0" tests="1" name="testng.Basic1" time="7.753" errors="0" timestamp="2024-03-22T15:30:59 IST" skipped="0">
  <testcase classname="testng.Basic1" name="dropdown" time="7.753"/>
</testsuite> <!-- testng.Basic1 -->
