<?xml version="1.0" encoding="UTF-8"?>
<!-- Generated by org.testng.reporters.JUnitReportReporter -->
<testsuite hostname="DESKTOP-5FOVL37" failures="0" tests="1" name="testng.Basic3" time="5.317" errors="0" timestamp="2024-02-15T18:19:23 IST" skipped="0">
  <testcase classname="testng.Basic3" name="dropdrop" time="5.317"/>
</testsuite> <!-- testng.Basic3 -->
