<?xml version="1.0" encoding="UTF-8"?>
<!-- Generated by org.testng.reporters.JUnitReportReporter -->
<testsuite hostname="DESKTOP-5FOVL37" failures="0" tests="4" name="testng.Basic4" time="0.027" errors="0" timestamp="2024-02-22T23:02:50 IST" skipped="0">
  <testcase classname="testng.Basic4" name="hdfcbankurl" time="0.017"/>
  <testcase classname="testng.Basic4" name="Enteremail" time="0.004"/>
  <testcase classname="testng.Basic4" name="Enterpassword" time="0.003"/>
  <testcase classname="testng.Basic4" name="Enterlogin" time="0.003"/>
</testsuite> <!-- testng.Basic4 -->
