<?xml version="1.0" encoding="UTF-8"?>
<!-- Generated by org.testng.reporters.JUnitReportReporter -->
<testsuite hostname="DESKTOP-5FOVL37" failures="0" tests="1" name="excel.NewTestng" time="0.032" errors="0" timestamp="2024-03-09T19:23:24 IST" skipped="0">
  <testcase classname="excel.NewTestng" name="testcase" time="0.032"/>
</testsuite> <!-- excel.NewTestng -->
