<?xml version="1.0" encoding="UTF-8"?>
<!-- Generated by org.testng.reporters.JUnitReportReporter -->
<testsuite hostname="DESKTOP-5FOVL37" failures="0" tests="3" name="testng.Threadpoolsize" time="51.978" errors="0" timestamp="2024-02-23T11:44:11 IST" skipped="0">
  <testcase classname="testng.Threadpoolsize" name="statement" time="17.281"/>
  <testcase classname="testng.Threadpoolsize" name="statement" time="17.320"/>
  <testcase classname="testng.Threadpoolsize" name="statement" time="17.377"/>
</testsuite> <!-- testng.Threadpoolsize -->
